<?xml version="1.0" encoding="UTF-8"?>
<testsuite name="com.maknom.eco.guard.EcoguardApplicationTests" tests="1" skipped="0" failures="0" errors="0" timestamp="2026-01-26T10:02:21" hostname="DESKTOP-CP2Q1PN" time="0.014">
  <properties/>
  <testcase name="contextLoads()" classname="com.maknom.eco.guard.EcoguardApplicationTests" time="0.014"/>
  <system-out><![CDATA[2026-01-26T11:02:21.684+01:00  INFO 2400 --- [ecoguard] [    Test worker] t.c.s.AnnotationConfigContextLoaderUtils : Could not detect default configuration classes for test class [com.maknom.eco.guard.EcoguardApplicationTests]: EcoguardApplicationTests does not declare any static, non-private, non-final, nested classes annotated with @Configuration.
2026-01-26T11:02:21.729+01:00  INFO 2400 --- [ecoguard] [    Test worker] .b.t.c.SpringBootTestContextBootstrapper : Found @SpringBootConfiguration com.maknom.eco.guard.EcoGuardApplication for test class com.maknom.eco.guard.EcoguardApplicationTests
]]></system-out>
  <system-err><![CDATA[]]></system-err>
</testsuite>
