<?xml version="1.0" encoding="UTF-8"?>
<testsuite name="com.maknom.eco.guard.integration.CreateUserIntegrationTest" tests="1" skipped="0" failures="0" errors="0" timestamp="2026-01-26T10:02:21" hostname="DESKTOP-CP2Q1PN" time="0.488">
  <properties/>
  <testcase name="createUser_thenItShouldSuccess()" classname="com.maknom.eco.guard.integration.CreateUserIntegrationTest" time="0.488"/>
  <system-out><![CDATA[2026-01-26T11:02:21.764+01:00  INFO 2400 --- [ecoguard] [    Test worker] t.c.s.AnnotationConfigContextLoaderUtils : Could not detect default configuration classes for test class [com.maknom.eco.guard.integration.CreateUserIntegrationTest]: CreateUserIntegrationTest does not declare any static, non-private, non-final, nested classes annotated with @Configuration.
2026-01-26T11:02:21.788+01:00  INFO 2400 --- [ecoguard] [    Test worker] .b.t.c.SpringBootTestContextBootstrapper : Found @SpringBootConfiguration com.maknom.eco.guard.EcoGuardApplication for test class com.maknom.eco.guard.integration.CreateUserIntegrationTest
Hibernate: select ub1_0.id,ub1_0.email,ub1_0.name,ub1_0.password,ub1_0.role from users ub1_0 where ub1_0.email=?
Hibernate: insert into users (email,name,password,role) values (?,?,?,?)
]]></system-out>
  <system-err><![CDATA[]]></system-err>
</testsuite>
