<?xml version="1.0" encoding="UTF-8"?>
<testsuite name="com.maknom.eco.guard.services.IncidentServiceTest" tests="4" skipped="0" failures="0" errors="0" timestamp="2026-01-26T10:02:25" hostname="DESKTOP-CP2Q1PN" time="0.43">
  <properties/>
  <testcase name="createIncident_ShouldReturnSavedIncidentWithSyncRequest()" classname="com.maknom.eco.guard.services.IncidentServiceTest" time="0.355"/>
  <testcase name="getAllIncident_ShouldReturnIncidents()" classname="com.maknom.eco.guard.services.IncidentServiceTest" time="0.013"/>
  <testcase name="createIncident_ShouldReturnSavedIncident()" classname="com.maknom.eco.guard.services.IncidentServiceTest" time="0.024"/>
  <testcase name="createIncident_ShouldThrowException_WhenIncidentIsOverAProtectedZone()" classname="com.maknom.eco.guard.services.IncidentServiceTest" time="0.034"/>
  <system-out><![CDATA[]]></system-out>
  <system-err><![CDATA[]]></system-err>
</testsuite>
