<?xml version="1.0" encoding="UTF-8"?>
<testsuite name="com.maknom.eco.guard.services.IncidentServiceTest" tests="4" skipped="0" failures="0" errors="0" timestamp="2026-01-29T16:34:16" hostname="DESKTOP-CP2Q1PN" time="0.603">
  <properties/>
  <testcase name="createIncident_ShouldReturnSavedIncidentWithSyncRequest()" classname="com.maknom.eco.guard.services.IncidentServiceTest" time="0.531"/>
  <testcase name="getAllIncident_ShouldReturnIncidents()" classname="com.maknom.eco.guard.services.IncidentServiceTest" time="0.037"/>
  <testcase name="createIncident_ShouldReturnSavedIncident()" classname="com.maknom.eco.guard.services.IncidentServiceTest" time="0.016"/>
  <testcase name="createIncident_ShouldThrowException_WhenIncidentIsOverAProtectedZone()" classname="com.maknom.eco.guard.services.IncidentServiceTest" time="0.01"/>
  <system-out><![CDATA[]]></system-out>
  <system-err><![CDATA[]]></system-err>
</testsuite>
